<?xml version="1.0" encoding="UTF-8"?>
<!-- Generated by org.testng.reporters.JUnitReportReporter -->
<testsuite hostname="Amal" failures="0" tests="1" name="salesforce.tests.Opportunities_TC001" time="19.956" errors="0" timestamp="2022-06-20T00:47:42 IST" skipped="0">
  <testcase classname="salesforce.tests.Opportunities_TC001" name="Createnewopportunity" time="19.956"/>
  <system-out/>
</testsuite> <!-- salesforce.tests.Opportunities_TC001 -->
