<?xml version="1.0" encoding="UTF-8"?>
<!-- Generated by org.testng.reporters.JUnitReportReporter -->
<testsuite hostname="Amal" failures="0" tests="1" name="salesforce.tests.TC000_LoginPage" time="14.074" errors="0" timestamp="2022-06-17T20:20:22 IST" skipped="0">
  <testcase classname="salesforce.tests.TC000_LoginPage" name="loginpage_test" time="14.074"/>
  <system-out/>
</testsuite> <!-- salesforce.tests.TC000_LoginPage -->
