<?xml version="1.0" encoding="UTF-8"?>
<!-- Generated by org.testng.reporters.JUnitReportReporter -->
<testsuite hostname="Amal" failures="0" tests="1" name="salesforce.tests.Opportunities_TC000_LoginPage" time="17.880" errors="0" timestamp="2022-06-24T00:23:32 IST" skipped="0">
  <testcase classname="salesforce.tests.Opportunities_TC000_LoginPage" name="loginpage_test" time="17.880"/>
  <system-out/>
</testsuite> <!-- salesforce.tests.Opportunities_TC000_LoginPage -->
