<?xml version="1.0" encoding="UTF-8"?>
<!-- Generated by org.testng.reporters.JUnitReportReporter -->
<testsuite hostname="Amal" failures="0" tests="1" name="salesforce.tests.Opportunities_TC004" time="25.537" errors="0" timestamp="2022-06-20T20:09:40 IST" skipped="0">
  <testcase classname="salesforce.tests.Opportunities_TC004" name="TC004_CreateOpp" time="25.537"/>
  <system-out/>
</testsuite> <!-- salesforce.tests.Opportunities_TC004 -->
