<?xml version="1.0" encoding="UTF-8"?>
<!-- Generated by org.testng.reporters.JUnitReportReporter -->
<testsuite hostname="Amal" failures="0" tests="1" name="salesforce.tests.Opportunities_TC003" time="24.412" errors="0" timestamp="2022-06-20T13:50:30 IST" skipped="0">
  <testcase classname="salesforce.tests.Opportunities_TC003" name="Delete_Opportunity" time="24.412"/>
  <system-out/>
</testsuite> <!-- salesforce.tests.Opportunities_TC003 -->
