<?xml version="1.0" encoding="UTF-8"?>
<!-- Generated by org.testng.reporters.JUnitReportReporter -->
<testsuite hostname="Amal" failures="0" tests="1" name="salesforce.tests.Opportunities_TC002" time="24.664" errors="0" timestamp="2022-06-20T13:21:20 IST" skipped="0">
  <testcase classname="salesforce.tests.Opportunities_TC002" name="EditOpportunity" time="24.664"/>
  <system-out/>
</testsuite> <!-- salesforce.tests.Opportunities_TC002 -->
